# JRE version: OpenJDK Runtime Environment Temurin-17.0.6+10 (17.0.6+10) (build 17.0.6+10)
# Java VM: OpenJDK 64-Bit Server VM Temurin-17.0.6+10 (17.0.6+10, mixed mode, tiered, compressed oops, compressed class ptrs, parallel gc, windows-amd64)
GC Precious Log:
 CPUs: 6 total, 6 available
 Memory: 8001M
 Large Page Support: Disabled
 NUMA Support: Disabled
 Compressed Oops: Enabled (32-bit)
 Alignments: Space 512K, Generation 512K, Heap 2M
 Heap Min Capacity: 100M
 Heap Initial Capacity: 100M
 Heap Max Capacity: 1G
 Pre-touch: Disabled
 Parallel Workers: 6
Heap:
 PSYoungGen      total 24576K, used 12203K [0x00000000eab00000, 0x00000000ec880000, 0x0000000100000000)
  eden space 22016K, 44% used [0x00000000eab00000,0x00000000eb492d48,0x00000000ec080000)
  from space 2560K, 93% used [0x00000000ec600000,0x00000000ec858000,0x00000000ec880000)
  to   space 3584K, 0% used [0x00000000ec180000,0x00000000ec180000,0x00000000ec500000)
 ParOldGen       total 68608K, used 22007K [0x00000000c0000000, 0x00000000c4300000, 0x00000000eab00000)
  object space 68608K, 32% used [0x00000000c0000000,0x00000000c157dd00,0x00000000c4300000)
 Metaspace       used 46180K, committed 46976K, reserved 1097728K
  class space    used 4975K, committed 5312K, reserved 1048576K
GC Heap History (20 events):
Event: 2.504 GC heap before
{Heap before GC invocations=8 (full 1):
 PSYoungGen      total 27648K, used 27562K [0x00000000eab00000, 0x00000000eca00000, 0x0000000100000000)
  eden space 24576K, 100% used [0x00000000eab00000,0x00000000ec300000,0x00000000ec300000)
  from space 3072K, 97% used [0x00000000ec680000,0x00000000ec96ab28,0x00000000ec980000)
  to   space 3584K, 0% used [0x00000000ec300000,0x00000000ec300000,0x00000000ec680000)
 ParOldGen       total 68608K, used 8167K [0x00000000c0000000, 0x00000000c4300000, 0x00000000eab00000)
  object space 68608K, 11% used [0x00000000c0000000,0x00000000c07f9c38,0x00000000c4300000)
 Metaspace       used 31102K, committed 31744K, reserved 1081344K
  class space    used 3072K, committed 3328K, reserved 1048576K
}
Event: 2.507 GC heap after
{Heap after GC invocations=8 (full 1):
 PSYoungGen      total 27648K, used 3076K [0x00000000eab00000, 0x00000000ec980000, 0x0000000100000000)
  eden space 24064K, 0% used [0x00000000eab00000,0x00000000eab00000,0x00000000ec280000)
  from space 3584K, 85% used [0x00000000ec300000,0x00000000ec601190,0x00000000ec680000)
  to   space 3072K, 0% used [0x00000000ec680000,0x00000000ec680000,0x00000000ec980000)
 ParOldGen       total 68608K, used 8175K [0x00000000c0000000, 0x00000000c4300000, 0x00000000eab00000)
  object space 68608K, 11% used [0x00000000c0000000,0x00000000c07fbc38,0x00000000c4300000)
 Metaspace       used 31102K, committed 31744K, reserved 1081344K
  class space    used 3072K, committed 3328K, reserved 1048576K
}
Event: 2.976 GC heap before
{Heap before GC invocations=9 (full 1):
 PSYoungGen      total 27648K, used 27140K [0x00000000eab00000, 0x00000000ec980000, 0x0000000100000000)
  eden space 24064K, 100% used [0x00000000eab00000,0x00000000ec280000,0x00000000ec280000)
  from space 3584K, 85% used [0x00000000ec300000,0x00000000ec601190,0x00000000ec680000)
  to   space 3072K, 0% used [0x00000000ec680000,0x00000000ec680000,0x00000000ec980000)
 ParOldGen       total 68608K, used 8175K [0x00000000c0000000, 0x00000000c4300000, 0x00000000eab00000)
  object space 68608K, 11% used [0x00000000c0000000,0x00000000c07fbc38,0x00000000c4300000)
 Metaspace       used 34861K, committed 35584K, reserved 1081344K
  class space    used 3547K, committed 3840K, reserved 1048576K
}
Event: 2.978 GC heap after
{Heap after GC invocations=9 (full 1):
 PSYoungGen      total 26624K, used 3051K [0x00000000eab00000, 0x00000000ecb00000, 0x0000000100000000)
  eden space 23552K, 0% used [0x00000000eab00000,0x00000000eab00000,0x00000000ec200000)
  from space 3072K, 99% used [0x00000000ec680000,0x00000000ec97aea0,0x00000000ec980000)
  to   space 4608K, 0% used [0x00000000ec200000,0x00000000ec200000,0x00000000ec680000)
 ParOldGen       total 68608K, used 9335K [0x00000000c0000000, 0x00000000c4300000, 0x00000000eab00000)
  object space 68608K, 13% used [0x00000000c0000000,0x00000000c091dc88,0x00000000c4300000)
 Metaspace       used 34861K, committed 35584K, reserved 1081344K
  class space    used 3547K, committed 3840K, reserved 1048576K
}
Event: 2.999 GC heap before
{Heap before GC invocations=10 (full 1):
 PSYoungGen      total 26624K, used 5245K [0x00000000eab00000, 0x00000000ecb00000, 0x0000000100000000)
  eden space 23552K, 9% used [0x00000000eab00000,0x00000000ead24620,0x00000000ec200000)
  from space 3072K, 99% used [0x00000000ec680000,0x00000000ec97aea0,0x00000000ec980000)
  to   space 4608K, 0% used [0x00000000ec200000,0x00000000ec200000,0x00000000ec680000)
 ParOldGen       total 68608K, used 9335K [0x00000000c0000000, 0x00000000c4300000, 0x00000000eab00000)
  object space 68608K, 13% used [0x00000000c0000000,0x00000000c091dc88,0x00000000c4300000)
 Metaspace       used 35184K, committed 35840K, reserved 1081344K
  class space    used 3579K, committed 3840K, reserved 1048576K
}
Event: 3.002 GC heap after
{Heap after GC invocations=10 (full 1):
 PSYoungGen      total 25600K, used 1594K [0x00000000eab00000, 0x00000000ec700000, 0x0000000100000000)
  eden space 23552K, 0% used [0x00000000eab00000,0x00000000eab00000,0x00000000ec200000)
  from space 2048K, 77% used [0x00000000ec200000,0x00000000ec38ea00,0x00000000ec400000)
  to   space 2560K, 0% used [0x00000000ec480000,0x00000000ec480000,0x00000000ec700000)
 ParOldGen       total 68608K, used 10986K [0x00000000c0000000, 0x00000000c4300000, 0x00000000eab00000)
  object space 68608K, 16% used [0x00000000c0000000,0x00000000c0abaa70,0x00000000c4300000)
 Metaspace       used 35184K, committed 35840K, reserved 1081344K
  class space    used 3579K, committed 3840K, reserved 1048576K
}
Event: 3.002 GC heap before
{Heap before GC invocations=11 (full 2):
 PSYoungGen      total 25600K, used 1594K [0x00000000eab00000, 0x00000000ec700000, 0x0000000100000000)
  eden space 23552K, 0% used [0x00000000eab00000,0x00000000eab00000,0x00000000ec200000)
  from space 2048K, 77% used [0x00000000ec200000,0x00000000ec38ea00,0x00000000ec400000)
  to   space 2560K, 0% used [0x00000000ec480000,0x00000000ec480000,0x00000000ec700000)
 ParOldGen       total 68608K, used 10986K [0x00000000c0000000, 0x00000000c4300000, 0x00000000eab00000)
  object space 68608K, 16% used [0x00000000c0000000,0x00000000c0abaa70,0x00000000c4300000)
 Metaspace       used 35184K, committed 35840K, reserved 1081344K
  class space    used 3579K, committed 3840K, reserved 1048576K
}
Event: 3.017 GC heap after
{Heap after GC invocations=11 (full 2):
 PSYoungGen      total 25600K, used 0K [0x00000000eab00000, 0x00000000ec700000, 0x0000000100000000)
  eden space 23552K, 0% used [0x00000000eab00000,0x00000000eab00000,0x00000000ec200000)
  from space 2048K, 0% used [0x00000000ec200000,0x00000000ec200000,0x00000000ec400000)
  to   space 2560K, 0% used [0x00000000ec480000,0x00000000ec480000,0x00000000ec700000)
 ParOldGen       total 68608K, used 12072K [0x00000000c0000000, 0x00000000c4300000, 0x00000000eab00000)
  object space 68608K, 17% used [0x00000000c0000000,0x00000000c0bca330,0x00000000c4300000)
 Metaspace       used 35184K, committed 35840K, reserved 1081344K
  class space    used 3579K, committed 3840K, reserved 1048576K
}
Event: 3.588 GC heap before
{Heap before GC invocations=12 (full 2):
 PSYoungGen      total 25600K, used 23552K [0x00000000eab00000, 0x00000000ec700000, 0x0000000100000000)
  eden space 23552K, 100% used [0x00000000eab00000,0x00000000ec200000,0x00000000ec200000)
  from space 2048K, 0% used [0x00000000ec200000,0x00000000ec200000,0x00000000ec400000)
  to   space 2560K, 0% used [0x00000000ec480000,0x00000000ec480000,0x00000000ec700000)
 ParOldGen       total 68608K, used 12072K [0x00000000c0000000, 0x00000000c4300000, 0x00000000eab00000)
  object space 68608K, 17% used [0x00000000c0000000,0x00000000c0bca330,0x00000000c4300000)
 Metaspace       used 38101K, committed 38784K, reserved 1089536K
  class space    used 3971K, committed 4224K, reserved 1048576K
}
Event: 3.589 GC heap after
{Heap after GC invocations=12 (full 2):
 PSYoungGen      total 24064K, used 1020K [0x00000000eab00000, 0x00000000ec580000, 0x0000000100000000)
  eden space 23040K, 0% used [0x00000000eab00000,0x00000000eab00000,0x00000000ec180000)
  from space 1024K, 99% used [0x00000000ec480000,0x00000000ec57f250,0x00000000ec580000)
  to   space 1536K, 0% used [0x00000000ec280000,0x00000000ec280000,0x00000000ec400000)
 ParOldGen       total 68608K, used 12080K [0x00000000c0000000, 0x00000000c4300000, 0x00000000eab00000)
  object space 68608K, 17% used [0x00000000c0000000,0x00000000c0bcc330,0x00000000c4300000)
 Metaspace       used 38101K, committed 38784K, reserved 1089536K
  class space    used 3971K, committed 4224K, reserved 1048576K
}
Event: 3.984 GC heap before
{Heap before GC invocations=13 (full 2):
 PSYoungGen      total 24064K, used 24060K [0x00000000eab00000, 0x00000000ec580000, 0x0000000100000000)
  eden space 23040K, 100% used [0x00000000eab00000,0x00000000ec180000,0x00000000ec180000)
  from space 1024K, 99% used [0x00000000ec480000,0x00000000ec57f250,0x00000000ec580000)
  to   space 1536K, 0% used [0x00000000ec280000,0x00000000ec280000,0x00000000ec400000)
 ParOldGen       total 68608K, used 12080K [0x00000000c0000000, 0x00000000c4300000, 0x00000000eab00000)
  object space 68608K, 17% used [0x00000000c0000000,0x00000000c0bcc330,0x00000000c4300000)
 Metaspace       used 40543K, committed 41216K, reserved 1089536K
  class space    used 4281K, committed 4544K, reserved 1048576K
}
Event: 3.986 GC heap after
{Heap after GC invocations=13 (full 2):
 PSYoungGen      total 24064K, used 800K [0x00000000eab00000, 0x00000000ec500000, 0x0000000100000000)
  eden space 22528K, 0% used [0x00000000eab00000,0x00000000eab00000,0x00000000ec100000)
  from space 1536K, 52% used [0x00000000ec280000,0x00000000ec348000,0x00000000ec400000)
  to   space 1024K, 0% used [0x00000000ec400000,0x00000000ec400000,0x00000000ec500000)
 ParOldGen       total 68608K, used 12861K [0x00000000c0000000, 0x00000000c4300000, 0x00000000eab00000)
  object space 68608K, 18% used [0x00000000c0000000,0x00000000c0c8f568,0x00000000c4300000)
 Metaspace       used 40543K, committed 41216K, reserved 1089536K
  class space    used 4281K, committed 4544K, reserved 1048576K
}
Event: 4.516 GC heap before
{Heap before GC invocations=14 (full 2):
 PSYoungGen      total 24064K, used 23328K [0x00000000eab00000, 0x00000000ec500000, 0x0000000100000000)
  eden space 22528K, 100% used [0x00000000eab00000,0x00000000ec100000,0x00000000ec100000)
  from space 1536K, 52% used [0x00000000ec280000,0x00000000ec348000,0x00000000ec400000)
  to   space 1024K, 0% used [0x00000000ec400000,0x00000000ec400000,0x00000000ec500000)
 ParOldGen       total 68608K, used 12861K [0x00000000c0000000, 0x00000000c4300000, 0x00000000eab00000)
  object space 68608K, 18% used [0x00000000c0000000,0x00000000c0c8f568,0x00000000c4300000)
 Metaspace       used 43364K, committed 44096K, reserved 1089536K
  class space    used 4644K, committed 4928K, reserved 1048576K
}
Event: 4.518 GC heap after
{Heap after GC invocations=14 (full 2):
 PSYoungGen      total 23040K, used 1024K [0x00000000eab00000, 0x00000000ec580000, 0x0000000100000000)
  eden space 22016K, 0% used [0x00000000eab00000,0x00000000eab00000,0x00000000ec080000)
  from space 1024K, 100% used [0x00000000ec400000,0x00000000ec500000,0x00000000ec500000)
  to   space 2560K, 0% used [0x00000000ec080000,0x00000000ec080000,0x00000000ec300000)
 ParOldGen       total 68608K, used 13945K [0x00000000c0000000, 0x00000000c4300000, 0x00000000eab00000)
  object space 68608K, 20% used [0x00000000c0000000,0x00000000c0d9e578,0x00000000c4300000)
 Metaspace       used 43364K, committed 44096K, reserved 1089536K
  class space    used 4644K, committed 4928K, reserved 1048576K
}
Event: 5.158 GC heap before
{Heap before GC invocations=15 (full 2):
 PSYoungGen      total 23040K, used 23040K [0x00000000eab00000, 0x00000000ec580000, 0x0000000100000000)
  eden space 22016K, 100% used [0x00000000eab00000,0x00000000ec080000,0x00000000ec080000)
  from space 1024K, 100% used [0x00000000ec400000,0x00000000ec500000,0x00000000ec500000)
  to   space 2560K, 0% used [0x00000000ec080000,0x00000000ec080000,0x00000000ec300000)
 ParOldGen       total 68608K, used 13945K [0x00000000c0000000, 0x00000000c4300000, 0x00000000eab00000)
  object space 68608K, 20% used [0x00000000c0000000,0x00000000c0d9e578,0x00000000c4300000)
 Metaspace       used 45896K, committed 46656K, reserved 1097728K
  class space    used 4945K, committed 5248K, reserved 1048576K
}
Event: 5.163 GC heap after
{Heap after GC invocations=15 (full 2):
 PSYoungGen      total 24576K, used 2447K [0x00000000eab00000, 0x00000000ec680000, 0x0000000100000000)
  eden space 22016K, 0% used [0x00000000eab00000,0x00000000eab00000,0x00000000ec080000)
  from space 2560K, 95% used [0x00000000ec080000,0x00000000ec2e3e78,0x00000000ec300000)
  to   space 3072K, 0% used [0x00000000ec380000,0x00000000ec380000,0x00000000ec680000)
 ParOldGen       total 68608K, used 14944K [0x00000000c0000000, 0x00000000c4300000, 0x00000000eab00000)
  object space 68608K, 21% used [0x00000000c0000000,0x00000000c0e98278,0x00000000c4300000)
 Metaspace       used 45896K, committed 46656K, reserved 1097728K
  class space    used 4945K, committed 5248K, reserved 1048576K
}
Event: 5.273 GC heap before
{Heap before GC invocations=16 (full 2):
 PSYoungGen      total 24576K, used 24463K [0x00000000eab00000, 0x00000000ec680000, 0x0000000100000000)
  eden space 22016K, 100% used [0x00000000eab00000,0x00000000ec080000,0x00000000ec080000)
  from space 2560K, 95% used [0x00000000ec080000,0x00000000ec2e3e78,0x00000000ec300000)
  to   space 3072K, 0% used [0x00000000ec380000,0x00000000ec380000,0x00000000ec680000)
 ParOldGen       total 68608K, used 14944K [0x00000000c0000000, 0x00000000c4300000, 0x00000000eab00000)
  object space 68608K, 21% used [0x00000000c0000000,0x00000000c0e98278,0x00000000c4300000)
 Metaspace       used 46097K, committed 46912K, reserved 1097728K
  class space    used 4963K, committed 5312K, reserved 1048576K
}
Event: 5.278 GC heap after
{Heap after GC invocations=16 (full 2):
 PSYoungGen      total 24576K, used 2272K [0x00000000eab00000, 0x00000000ec600000, 0x0000000100000000)
  eden space 22016K, 0% used [0x00000000eab00000,0x00000000eab00000,0x00000000ec080000)
  from space 2560K, 88% used [0x00000000ec380000,0x00000000ec5b8010,0x00000000ec600000)
  to   space 2560K, 0% used [0x00000000ec080000,0x00000000ec080000,0x00000000ec300000)
 ParOldGen       total 68608K, used 17267K [0x00000000c0000000, 0x00000000c4300000, 0x00000000eab00000)
  object space 68608K, 25% used [0x00000000c0000000,0x00000000c10dcda8,0x00000000c4300000)
 Metaspace       used 46097K, committed 46912K, reserved 1097728K
  class space    used 4963K, committed 5312K, reserved 1048576K
}
Event: 5.381 GC heap before
{Heap before GC invocations=17 (full 2):
 PSYoungGen      total 24576K, used 24288K [0x00000000eab00000, 0x00000000ec600000, 0x0000000100000000)
  eden space 22016K, 100% used [0x00000000eab00000,0x00000000ec080000,0x00000000ec080000)
  from space 2560K, 88% used [0x00000000ec380000,0x00000000ec5b8010,0x00000000ec600000)
  to   space 2560K, 0% used [0x00000000ec080000,0x00000000ec080000,0x00000000ec300000)
 ParOldGen       total 68608K, used 17267K [0x00000000c0000000, 0x00000000c4300000, 0x00000000eab00000)
  object space 68608K, 25% used [0x00000000c0000000,0x00000000c10dcda8,0x00000000c4300000)
 Metaspace       used 46180K, committed 46976K, reserved 1097728K
  class space    used 4975K, committed 5312K, reserved 1048576K
}
Event: 5.384 GC heap after
{Heap after GC invocations=17 (full 2):
 PSYoungGen      total 24576K, used 2528K [0x00000000eab00000, 0x00000000ecb80000, 0x0000000100000000)
  eden space 22016K, 0% used [0x00000000eab00000,0x00000000eab00000,0x00000000ec080000)
  from space 2560K, 98% used [0x00000000ec080000,0x00000000ec2f8020,0x00000000ec300000)
  to   space 5632K, 0% used [0x00000000ec600000,0x00000000ec600000,0x00000000ecb80000)
 ParOldGen       total 68608K, used 19451K [0x00000000c0000000, 0x00000000c4300000, 0x00000000eab00000)
  object space 68608K, 28% used [0x00000000c0000000,0x00000000c12fedc8,0x00000000c4300000)
 Metaspace       used 46180K, committed 46976K, reserved 1097728K
  class space    used 4975K, committed 5312K, reserved 1048576K
}

